2025-07-14 10:00:34,043 - INFO - Opened URL: https://automationintesting.com/selenium/testpage
2025-07-14 10:00:38,355 - INFO - Set value 'testfirst1' to element: //*[@id="firstname"]
2025-07-14 10:00:51,765 - INFO - Set value 'testlast1' to element: //*[@id="surname"]
2025-07-14 10:00:56,090 - ERROR - Failed to set value: Message: Could not locate element with visible text: male; For documentation on this error, please visit: https://www.selenium.dev/documentation/webdriver/troubleshooting/errors#nosuchelementexception

2025-07-14 10:01:00,102 - INFO - Reloaded the current browser window successfully.
2025-07-14 10:01:10,622 - INFO - Opened URL: https://automationintesting.com/selenium/testpage
2025-07-14 10:01:14,872 - INFO - Set value 'testfirst2' to element: //*[@id="firstname"]
2025-07-14 10:01:28,024 - INFO - Set value 'testlast2' to element: //*[@id="surname"]
2025-07-14 10:01:32,222 - ERROR - Failed to set value: Message: Could not locate element with visible text: male; For documentation on this error, please visit: https://www.selenium.dev/documentation/webdriver/troubleshooting/errors#nosuchelementexception

2025-07-14 10:01:36,148 - INFO - Reloaded the current browser window successfully.
2025-07-14 10:03:42,697 - ERROR - Failed to open URL https://automationintesting.com/selenium/testpage: HTTPConnectionPool(host='localhost', port=60155): Read timed out. (read timeout=120)
2025-07-14 10:06:51,577 - INFO - Opened URL: https://automationintesting.com/selenium/testpage
2025-07-14 10:06:56,028 - INFO - Set value 'testfirst1' to element: //*[@id="firstname"]
2025-07-14 10:07:09,386 - INFO - Set value 'testlast1' to element: //*[@id="surname"]
2025-07-14 10:07:13,650 - ERROR - Failed to set value: Message: Could not locate element with visible text: male; For documentation on this error, please visit: https://www.selenium.dev/documentation/webdriver/troubleshooting/errors#nosuchelementexception

2025-07-14 10:08:34,910 - INFO - Reloaded the current browser window successfully.
2025-07-14 10:08:45,525 - INFO - Opened URL: https://automationintesting.com/selenium/testpage
2025-07-14 10:08:49,768 - INFO - Set value 'testfirst2' to element: //*[@id="firstname"]
2025-07-14 10:09:03,028 - INFO - Set value 'testlast2' to element: //*[@id="surname"]
2025-07-14 10:09:07,191 - ERROR - Failed to set value: Message: Could not locate element with visible text: male; For documentation on this error, please visit: https://www.selenium.dev/documentation/webdriver/troubleshooting/errors#nosuchelementexception

2025-07-14 10:09:11,212 - INFO - Reloaded the current browser window successfully.
2025-07-14 10:09:20,634 - INFO - Opened URL: https://automationintesting.com/selenium/testpage
2025-07-14 10:09:23,815 - INFO - Clicked element: //*[@id="firstname"]
2025-07-14 10:09:37,086 - INFO - Set value 'testlast1' to element: //*[@id="surname"]
2025-07-14 10:09:47,317 - INFO - Opened URL: https://automationintesting.com/selenium/testpage
2025-07-14 10:09:50,440 - INFO - Clicked element: //*[@id="firstname"]
2025-07-14 10:10:03,677 - INFO - Set value 'testlast2' to element: //*[@id="surname"]
2025-07-14 10:18:03,947 - INFO - Opened URL: https://automationintesting.com/selenium/testpage
2025-07-14 10:18:08,320 - INFO - Set value 'testfirst1' to element: //*[@id="firstname"]
2025-07-14 10:18:21,674 - INFO - Set value 'testlast1' to element: //*[@id="surname"]
2025-07-14 10:18:25,917 - ERROR - Failed to set value: Message: Could not locate element with visible text: male; For documentation on this error, please visit: https://www.selenium.dev/documentation/webdriver/troubleshooting/errors#nosuchelementexception

2025-07-14 10:18:29,993 - INFO - Reloaded the current browser window successfully.
2025-07-14 10:18:41,128 - INFO - Opened URL: https://automationintesting.com/selenium/testpage
2025-07-14 10:18:45,341 - INFO - Set value 'testfirst2' to element: //*[@id="firstname"]
2025-07-14 10:18:58,510 - INFO - Set value 'testlast2' to element: //*[@id="surname"]
2025-07-14 10:19:02,650 - ERROR - Failed to set value: Message: Could not locate element with visible text: male; For documentation on this error, please visit: https://www.selenium.dev/documentation/webdriver/troubleshooting/errors#nosuchelementexception

2025-07-14 10:19:06,602 - INFO - Reloaded the current browser window successfully.
2025-07-14 10:19:16,521 - INFO - Opened URL: https://automationintesting.com/selenium/testpage
2025-07-14 10:19:19,645 - INFO - Clicked element: //*[@id="firstname"]
2025-07-14 10:19:32,889 - INFO - Set value 'testlast1' to element: //*[@id="surname"]
2025-07-14 10:19:41,964 - INFO - Opened URL: https://automationintesting.com/selenium/testpage
2025-07-14 10:19:45,087 - INFO - Clicked element: //*[@id="firstname"]
2025-07-14 10:19:58,252 - INFO - Set value 'testlast2' to element: //*[@id="surname"]
