2025-06-11 20:12:20,539 - INFO - Opened URL: https://automationintesting.com/selenium/testpage
2025-06-11 20:12:24,070 - INFO - Set value 'testfirst1' to element: //*[@id="firstname"]
2025-06-11 20:12:27,384 - INFO - Set value 'testlast1' to element: //*[@id="surname"]
2025-06-11 20:12:30,697 - ERROR - Failed to set value: Message: Could not locate element with visible text: male; For documentation on this error, please visit: https://www.selenium.dev/documentation/webdriver/troubleshooting/errors#no-such-element-exception

2025-06-11 20:12:34,509 - INFO - Reloaded the current browser window successfully.
2025-06-11 20:12:44,144 - INFO - Opened URL: https://automationintesting.com/selenium/testpage
2025-06-11 20:12:47,402 - INFO - Set value 'testfirst2' to element: //*[@id="firstname"]
2025-06-11 20:12:50,581 - INFO - Set value 'testlast2' to element: //*[@id="surname"]
2025-06-11 20:12:53,745 - ERROR - Failed to set value: Message: Could not locate element with visible text: male; For documentation on this error, please visit: https://www.selenium.dev/documentation/webdriver/troubleshooting/errors#no-such-element-exception

2025-06-11 20:12:57,553 - INFO - Reloaded the current browser window successfully.
2025-06-11 20:13:05,714 - INFO - Opened URL: https://automationintesting.com/selenium/testpage
2025-06-11 20:13:08,890 - INFO - Clicked element: //*[@id="firstname"]
2025-06-11 20:13:12,136 - INFO - Set value 'testlast1' to element: //*[@id="surname"]
2025-06-11 20:13:21,653 - INFO - Opened URL: https://automationintesting.com/selenium/testpage
2025-06-11 20:13:24,801 - INFO - Clicked element: //*[@id="firstname"]
2025-06-11 20:13:27,978 - INFO - Set value 'testlast2' to element: //*[@id="surname"]
2025-06-11 21:00:13,901 - INFO - Opened URL: https://automationintesting.com/selenium/testpage
2025-06-11 21:00:17,310 - INFO - Set value 'testfirst1' to element: //*[@id="firstname"]
2025-06-11 21:00:20,652 - INFO - Set value 'testlast1' to element: //*[@id="surname"]
2025-06-11 21:00:23,867 - ERROR - Failed to set value: Message: Could not locate element with visible text: male; For documentation on this error, please visit: https://www.selenium.dev/documentation/webdriver/troubleshooting/errors#no-such-element-exception

2025-06-11 21:00:27,592 - INFO - Reloaded the current browser window successfully.
2025-06-11 21:00:37,002 - INFO - Opened URL: https://automationintesting.com/selenium/testpage
2025-06-11 21:00:40,255 - INFO - Set value 'testfirst2' to element: //*[@id="firstname"]
2025-06-11 21:00:43,487 - INFO - Set value 'testlast2' to element: //*[@id="surname"]
2025-06-11 21:00:46,861 - ERROR - Failed to set value: Message: Could not locate element with visible text: male; For documentation on this error, please visit: https://www.selenium.dev/documentation/webdriver/troubleshooting/errors#no-such-element-exception

2025-06-11 21:00:50,635 - INFO - Reloaded the current browser window successfully.
2025-06-11 21:00:58,800 - INFO - Opened URL: https://automationintesting.com/selenium/testpage
2025-06-11 21:01:01,964 - INFO - Clicked element: //*[@id="firstname"]
2025-06-11 21:01:05,172 - INFO - Set value 'testlast1' to element: //*[@id="surname"]
2025-06-11 21:01:14,588 - INFO - Opened URL: https://automationintesting.com/selenium/testpage
2025-06-11 21:01:17,745 - INFO - Clicked element: //*[@id="firstname"]
2025-06-11 21:01:20,931 - INFO - Set value 'testlast2' to element: //*[@id="surname"]
