2025-07-10 21:38:20,719 - INFO - Opened URL: https://automationintesting.com/selenium/testpage
2025-07-10 21:38:24,028 - INFO - Set value 'testfirst1' to element: //*[@id="firstname"]
2025-07-10 21:38:27,245 - INFO - Set value 'testlast1' to element: //*[@id="surname"]
2025-07-10 21:38:30,555 - ERROR - Failed to set value: Message: Could not locate element with visible text: male; For documentation on this error, please visit: https://www.selenium.dev/documentation/webdriver/troubleshooting/errors#nosuchelementexception

2025-07-10 21:38:34,270 - INFO - Reloaded the current browser window successfully.
2025-07-10 21:38:44,505 - INFO - Opened URL: https://automationintesting.com/selenium/testpage
2025-07-10 21:38:47,763 - INFO - Set value 'testfirst2' to element: //*[@id="firstname"]
2025-07-10 21:38:50,990 - INFO - Set value 'testlast2' to element: //*[@id="surname"]
2025-07-10 21:38:54,176 - ERROR - Failed to set value: Message: Could not locate element with visible text: male; For documentation on this error, please visit: https://www.selenium.dev/documentation/webdriver/troubleshooting/errors#nosuchelementexception

2025-07-10 21:38:58,229 - INFO - Reloaded the current browser window successfully.
2025-07-10 21:39:07,721 - INFO - Opened URL: https://automationintesting.com/selenium/testpage
2025-07-10 21:39:10,857 - INFO - Clicked element: //*[@id="firstname"]
2025-07-10 21:39:14,250 - INFO - Set value 'testlast1' to element: //*[@id="surname"]
2025-07-10 21:39:24,015 - INFO - Opened URL: https://automationintesting.com/selenium/testpage
2025-07-10 21:39:27,144 - INFO - Clicked element: //*[@id="firstname"]
2025-07-10 21:39:30,275 - INFO - Set value 'testlast2' to element: //*[@id="surname"]
2025-07-10 23:03:24,713 - INFO - Opened URL: https://automationintesting.com/selenium/testpage
2025-07-10 23:03:27,928 - ERROR - Failed to set value: Message: invalid argument: 'value' must be a string
  (Session info: MicrosoftEdge=138.0.3351.77)
Stacktrace:
	GetHandleVerifier [0x0x7ff60c8e82b5+23461]
	(No symbol) [0x0x7ff60c83c3a0]
	GetHandleVerifier [0x0x7ff60cb601e8+2611928]
	(No symbol) [0x0x7ff60c6588b3]
	(No symbol) [0x0x7ff60c65946b]
	(No symbol) [0x0x7ff60c699a67]
	(No symbol) [0x0x7ff60c67a6ff]
	(No symbol) [0x0x7ff60c64f58d]
	(No symbol) [0x0x7ff60c69754f]
	(No symbol) [0x0x7ff60c67a423]
	(No symbol) [0x0x7ff60c64ea86]
	(No symbol) [0x0x7ff60c64dd11]
	(No symbol) [0x0x7ff60c64e8b3]
	(No symbol) [0x0x7ff60c74dd3d]
	(No symbol) [0x0x7ff60c75b0c8]
	GetHandleVerifier [0x0x7ff60c9c80fb+940523]
	GetHandleVerifier [0x0x7ff60c9d0e51+976705]
	(No symbol) [0x0x7ff60c849f91]
	(No symbol) [0x0x7ff60c842974]
	(No symbol) [0x0x7ff60c842ac3]
	(No symbol) [0x0x7ff60c834566]
	BaseThreadInitThunk [0x0x7ff92081e8d7+23]
	RtlUserThreadStart [0x0x7ff92181c34c+44]

2025-07-10 23:03:31,136 - ERROR - Failed to set value: Message: invalid argument: 'value' must be a string
  (Session info: MicrosoftEdge=138.0.3351.77)
Stacktrace:
	GetHandleVerifier [0x0x7ff60c8e82b5+23461]
	(No symbol) [0x0x7ff60c83c3a0]
	GetHandleVerifier [0x0x7ff60cb601e8+2611928]
	(No symbol) [0x0x7ff60c6588b3]
	(No symbol) [0x0x7ff60c65946b]
	(No symbol) [0x0x7ff60c699a67]
	(No symbol) [0x0x7ff60c67a6ff]
	(No symbol) [0x0x7ff60c64f58d]
	(No symbol) [0x0x7ff60c69754f]
	(No symbol) [0x0x7ff60c67a423]
	(No symbol) [0x0x7ff60c64ea86]
	(No symbol) [0x0x7ff60c64dd11]
	(No symbol) [0x0x7ff60c64e8b3]
	(No symbol) [0x0x7ff60c74dd3d]
	(No symbol) [0x0x7ff60c75b0c8]
	GetHandleVerifier [0x0x7ff60c9c80fb+940523]
	GetHandleVerifier [0x0x7ff60c9d0e51+976705]
	(No symbol) [0x0x7ff60c849f91]
	(No symbol) [0x0x7ff60c842974]
	(No symbol) [0x0x7ff60c842ac3]
	(No symbol) [0x0x7ff60c834566]
	BaseThreadInitThunk [0x0x7ff92081e8d7+23]
	RtlUserThreadStart [0x0x7ff92181c34c+44]

2025-07-10 23:03:34,339 - ERROR - Failed to set value: Message: invalid argument: 'value' must be a string
  (Session info: MicrosoftEdge=138.0.3351.77)
Stacktrace:
	GetHandleVerifier [0x0x7ff60c8e82b5+23461]
	(No symbol) [0x0x7ff60c83c3a0]
	GetHandleVerifier [0x0x7ff60cb601e8+2611928]
	(No symbol) [0x0x7ff60c6588b3]
	(No symbol) [0x0x7ff60c65946b]
	(No symbol) [0x0x7ff60c699a67]
	(No symbol) [0x0x7ff60c67a6ff]
	(No symbol) [0x0x7ff60c64f58d]
	(No symbol) [0x0x7ff60c69754f]
	(No symbol) [0x0x7ff60c67a423]
	(No symbol) [0x0x7ff60c64ea86]
	(No symbol) [0x0x7ff60c64dd11]
	(No symbol) [0x0x7ff60c64e8b3]
	(No symbol) [0x0x7ff60c74dd3d]
	(No symbol) [0x0x7ff60c75b0c8]
	GetHandleVerifier [0x0x7ff60c9c80fb+940523]
	GetHandleVerifier [0x0x7ff60c9d0e51+976705]
	(No symbol) [0x0x7ff60c849f91]
	(No symbol) [0x0x7ff60c842974]
	(No symbol) [0x0x7ff60c842ac3]
	(No symbol) [0x0x7ff60c834566]
	BaseThreadInitThunk [0x0x7ff92081e8d7+23]
	RtlUserThreadStart [0x0x7ff92181c34c+44]

2025-07-10 23:03:38,250 - INFO - Reloaded the current browser window successfully.
2025-07-10 23:03:49,327 - INFO - Opened URL: https://automationintesting.com/selenium/testpage
2025-07-10 23:03:52,423 - ERROR - Failed to set value: Message: invalid argument: 'value' must be a string
  (Session info: MicrosoftEdge=138.0.3351.77)
Stacktrace:
	GetHandleVerifier [0x0x7ff60c8e82b5+23461]
	(No symbol) [0x0x7ff60c83c3a0]
	GetHandleVerifier [0x0x7ff60cb601e8+2611928]
	(No symbol) [0x0x7ff60c6588b3]
	(No symbol) [0x0x7ff60c65946b]
	(No symbol) [0x0x7ff60c699a67]
	(No symbol) [0x0x7ff60c67a6ff]
	(No symbol) [0x0x7ff60c64f58d]
	(No symbol) [0x0x7ff60c69754f]
	(No symbol) [0x0x7ff60c67a423]
	(No symbol) [0x0x7ff60c64ea86]
	(No symbol) [0x0x7ff60c64dd11]
	(No symbol) [0x0x7ff60c64e8b3]
	(No symbol) [0x0x7ff60c74dd3d]
	(No symbol) [0x0x7ff60c75b0c8]
	GetHandleVerifier [0x0x7ff60c9c80fb+940523]
	GetHandleVerifier [0x0x7ff60c9d0e51+976705]
	(No symbol) [0x0x7ff60c849f91]
	(No symbol) [0x0x7ff60c842974]
	(No symbol) [0x0x7ff60c842ac3]
	(No symbol) [0x0x7ff60c834566]
	BaseThreadInitThunk [0x0x7ff92081e8d7+23]
	RtlUserThreadStart [0x0x7ff92181c34c+44]

2025-07-10 23:03:55,513 - ERROR - Failed to set value: Message: invalid argument: 'value' must be a string
  (Session info: MicrosoftEdge=138.0.3351.77)
Stacktrace:
	GetHandleVerifier [0x0x7ff60c8e82b5+23461]
	(No symbol) [0x0x7ff60c83c3a0]
	GetHandleVerifier [0x0x7ff60cb601e8+2611928]
	(No symbol) [0x0x7ff60c6588b3]
	(No symbol) [0x0x7ff60c65946b]
	(No symbol) [0x0x7ff60c699a67]
	(No symbol) [0x0x7ff60c67a6ff]
	(No symbol) [0x0x7ff60c64f58d]
	(No symbol) [0x0x7ff60c69754f]
	(No symbol) [0x0x7ff60c67a423]
	(No symbol) [0x0x7ff60c64ea86]
	(No symbol) [0x0x7ff60c64dd11]
	(No symbol) [0x0x7ff60c64e8b3]
	(No symbol) [0x0x7ff60c74dd3d]
	(No symbol) [0x0x7ff60c75b0c8]
	GetHandleVerifier [0x0x7ff60c9c80fb+940523]
	GetHandleVerifier [0x0x7ff60c9d0e51+976705]
	(No symbol) [0x0x7ff60c849f91]
	(No symbol) [0x0x7ff60c842974]
	(No symbol) [0x0x7ff60c842ac3]
	(No symbol) [0x0x7ff60c834566]
	BaseThreadInitThunk [0x0x7ff92081e8d7+23]
	RtlUserThreadStart [0x0x7ff92181c34c+44]

2025-07-10 23:03:58,627 - ERROR - Failed to set value: Message: invalid argument: 'value' must be a string
  (Session info: MicrosoftEdge=138.0.3351.77)
Stacktrace:
	GetHandleVerifier [0x0x7ff60c8e82b5+23461]
	(No symbol) [0x0x7ff60c83c3a0]
	GetHandleVerifier [0x0x7ff60cb601e8+2611928]
	(No symbol) [0x0x7ff60c6588b3]
	(No symbol) [0x0x7ff60c65946b]
	(No symbol) [0x0x7ff60c699a67]
	(No symbol) [0x0x7ff60c67a6ff]
	(No symbol) [0x0x7ff60c64f58d]
	(No symbol) [0x0x7ff60c69754f]
	(No symbol) [0x0x7ff60c67a423]
	(No symbol) [0x0x7ff60c64ea86]
	(No symbol) [0x0x7ff60c64dd11]
	(No symbol) [0x0x7ff60c64e8b3]
	(No symbol) [0x0x7ff60c74dd3d]
	(No symbol) [0x0x7ff60c75b0c8]
	GetHandleVerifier [0x0x7ff60c9c80fb+940523]
	GetHandleVerifier [0x0x7ff60c9d0e51+976705]
	(No symbol) [0x0x7ff60c849f91]
	(No symbol) [0x0x7ff60c842974]
	(No symbol) [0x0x7ff60c842ac3]
	(No symbol) [0x0x7ff60c834566]
	BaseThreadInitThunk [0x0x7ff92081e8d7+23]
	RtlUserThreadStart [0x0x7ff92181c34c+44]

2025-07-10 23:04:02,624 - INFO - Reloaded the current browser window successfully.
2025-07-10 23:04:13,337 - INFO - Opened URL: https://automationintesting.com/selenium/testpage
2025-07-10 23:04:16,715 - INFO - Clicked element: //*[@id="firstname"]
2025-07-10 23:04:30,251 - INFO - Set value 'testlast1' to element: //*[@id="surname"]
2025-07-10 23:04:39,325 - INFO - Opened URL: https://automationintesting.com/selenium/testpage
2025-07-10 23:04:42,691 - INFO - Clicked element: //*[@id="firstname"]
2025-07-10 23:04:56,107 - INFO - Set value 'testlast2' to element: //*[@id="surname"]
2025-07-10 23:06:20,736 - INFO - Opened URL: https://automationintesting.com/selenium/testpage
2025-07-10 23:06:48,172 - ERROR - Failed to set value: Message: invalid argument: 'value' must be a string
  (Session info: MicrosoftEdge=138.0.3351.77)
Stacktrace:
	GetHandleVerifier [0x0x7ff60c8e82b5+23461]
	(No symbol) [0x0x7ff60c83c3a0]
	GetHandleVerifier [0x0x7ff60cb601e8+2611928]
	(No symbol) [0x0x7ff60c6588b3]
	(No symbol) [0x0x7ff60c65946b]
	(No symbol) [0x0x7ff60c699a67]
	(No symbol) [0x0x7ff60c67a6ff]
	(No symbol) [0x0x7ff60c64f58d]
	(No symbol) [0x0x7ff60c69754f]
	(No symbol) [0x0x7ff60c67a423]
	(No symbol) [0x0x7ff60c64ea86]
	(No symbol) [0x0x7ff60c64dd11]
	(No symbol) [0x0x7ff60c64e8b3]
	(No symbol) [0x0x7ff60c74dd3d]
	(No symbol) [0x0x7ff60c75b0c8]
	GetHandleVerifier [0x0x7ff60c9c80fb+940523]
	GetHandleVerifier [0x0x7ff60c9d0e51+976705]
	(No symbol) [0x0x7ff60c849f91]
	(No symbol) [0x0x7ff60c842974]
	(No symbol) [0x0x7ff60c842ac3]
	(No symbol) [0x0x7ff60c834566]
	BaseThreadInitThunk [0x0x7ff92081e8d7+23]
	RtlUserThreadStart [0x0x7ff92181c34c+44]

2025-07-10 23:09:36,408 - ERROR - Failed to set value: Message: invalid argument: 'value' must be a string
  (Session info: MicrosoftEdge=138.0.3351.77)
Stacktrace:
	GetHandleVerifier [0x0x7ff60c8e82b5+23461]
	(No symbol) [0x0x7ff60c83c3a0]
	GetHandleVerifier [0x0x7ff60cb601e8+2611928]
	(No symbol) [0x0x7ff60c6588b3]
	(No symbol) [0x0x7ff60c65946b]
	(No symbol) [0x0x7ff60c699a67]
	(No symbol) [0x0x7ff60c67a6ff]
	(No symbol) [0x0x7ff60c64f58d]
	(No symbol) [0x0x7ff60c69754f]
	(No symbol) [0x0x7ff60c67a423]
	(No symbol) [0x0x7ff60c64ea86]
	(No symbol) [0x0x7ff60c64dd11]
	(No symbol) [0x0x7ff60c64e8b3]
	(No symbol) [0x0x7ff60c74dd3d]
	(No symbol) [0x0x7ff60c75b0c8]
	GetHandleVerifier [0x0x7ff60c9c80fb+940523]
	GetHandleVerifier [0x0x7ff60c9d0e51+976705]
	(No symbol) [0x0x7ff60c849f91]
	(No symbol) [0x0x7ff60c842974]
	(No symbol) [0x0x7ff60c842ac3]
	(No symbol) [0x0x7ff60c834566]
	BaseThreadInitThunk [0x0x7ff92081e8d7+23]
	RtlUserThreadStart [0x0x7ff92181c34c+44]

