2025-04-18 16:04:25,181 - INFO - Successfully created report at: Reports\20250418_160425\report_20250418_160425.xlsx
2025-04-18 16:04:25,181 - INFO - Report created at: Reports\20250418_160425\report_20250418_160425.xlsx
2025-04-18 16:04:25,181 - INFO - Execution folder: Reports\20250418_160425
2025-04-18 16:08:04,649 - INFO - Executing: open_url on None with value https://automationintesting.com/selenium/testpage
2025-04-18 16:08:09,102 - INFO - Opened URL: https://automationintesting.com/selenium/testpage
2025-04-18 16:08:09,104 - INFO - Executing: set_value on //*[@id="firstname"] with value firstname
2025-04-18 16:08:09,535 - INFO - Set value 'firstname' to element: //*[@id="firstname"]
2025-04-18 16:08:09,536 - ERROR - Error executing action: cannot unpack non-iterable bool object
2025-04-18 16:08:09,662 - INFO - Screenshot saved to: Reports\20250418_160425\Screenshots\step_3_160809.png
2025-04-18 16:08:09,662 - INFO - Screenshot path saved to report: Screenshots\step_3_160809.png
2025-04-18 16:08:09,663 - INFO - Executing: set_value on //*[@id="surname"] with value lastname
2025-04-18 16:08:09,907 - INFO - Set value 'lastname' to element: //*[@id="surname"]
2025-04-18 16:08:09,907 - ERROR - Error executing action: cannot unpack non-iterable bool object
2025-04-18 16:08:10,010 - INFO - Screenshot saved to: Reports\20250418_160425\Screenshots\step_4_160809.png
2025-04-18 16:08:10,011 - INFO - Screenshot path saved to report: Screenshots\step_4_160809.png
2025-04-18 16:08:10,012 - INFO - Executing: set_value on //*[@id="gender"] with value male
2025-04-18 16:08:10,136 - ERROR - Failed to set value: Message: Could not locate element with visible text: male; For documentation on this error, please visit: https://www.selenium.dev/documentation/webdriver/troubleshooting/errors#no-such-element-exception

2025-04-18 16:08:10,271 - INFO - Screenshot saved to: Reports\20250418_160425\Screenshots\step_5_160810.png
2025-04-18 16:08:10,273 - INFO - Screenshot path saved to report: Screenshots\step_5_160810.png
2025-04-18 16:08:10,273 - INFO - Executing: element_click on //*[@id="red"] with value None
2025-04-18 16:08:10,434 - INFO - Clicked element: //*[@id="red"]
2025-04-18 16:08:10,435 - INFO - Executing: set_value on //*[@id="contactus"]/div[5]/div/label/textarea with value description
2025-04-18 16:08:10,615 - INFO - Set value 'description' to element: //*[@id="contactus"]/div[5]/div/label/textarea
2025-04-18 16:08:10,616 - ERROR - Error executing action: cannot unpack non-iterable bool object
2025-04-18 16:08:10,733 - INFO - Screenshot saved to: Reports\20250418_160425\Screenshots\step_7_160810.png
2025-04-18 16:08:10,733 - INFO - Screenshot path saved to report: Screenshots\step_7_160810.png
2025-04-18 16:08:13,824 - INFO - Browser closed and cleanup completed
2025-04-18 16:12:01,092 - INFO - Successfully created report at: Reports\20250418_161201\report_20250418_161201.xlsx
2025-04-18 16:12:01,093 - INFO - Report created at: Reports\20250418_161201\report_20250418_161201.xlsx
2025-04-18 16:12:01,094 - INFO - Execution folder: Reports\20250418_161201
2025-04-18 16:12:02,874 - INFO - Executing: open_url on None with value https://automationintesting.com/selenium/testpage
2025-04-18 16:12:07,086 - INFO - Opened URL: https://automationintesting.com/selenium/testpage
2025-04-18 16:12:07,087 - INFO - Executing: set_value on //*[@id="firstname"] with value firstname
2025-04-18 16:12:38,384 - INFO - Set value 'firstname' to element: //*[@id="firstname"]
2025-04-18 16:15:07,329 - INFO - Successfully created report at: Reports\20250418_161507\report_20250418_161507.xlsx
2025-04-18 16:15:07,331 - INFO - Report created at: Reports\20250418_161507\report_20250418_161507.xlsx
2025-04-18 16:15:07,332 - INFO - Execution folder: Reports\20250418_161507
2025-04-18 16:15:08,851 - INFO - Executing: open_url on None with value https://automationintesting.com/selenium/testpage
2025-04-18 16:15:10,442 - INFO - Opened URL: https://automationintesting.com/selenium/testpage
2025-04-18 16:15:10,444 - INFO - Executing: set_value on //*[@id="firstname"] with value firstname
2025-04-18 16:15:59,789 - INFO - Set value 'firstname' to element: //*[@id="firstname"]
2025-04-18 16:16:19,860 - INFO - Executing: set_value on //*[@id="surname"] with value lastname
2025-04-18 16:16:24,463 - INFO - Set value 'lastname' to element: //*[@id="surname"]
2025-04-18 16:16:24,466 - INFO - Executing: set_value on //*[@id="gender"] with value male
2025-04-18 16:16:24,549 - ERROR - Failed to set value: Message: Could not locate element with visible text: male; For documentation on this error, please visit: https://www.selenium.dev/documentation/webdriver/troubleshooting/errors#no-such-element-exception

2025-04-18 16:16:24,736 - INFO - Screenshot saved to: Reports\20250418_161507\Screenshots\step_5_161624.png
2025-04-18 16:16:24,737 - INFO - Screenshot path saved to report: Screenshots\step_5_161624.png
2025-04-18 16:16:24,738 - INFO - Executing: element_click on //*[@id="red"] with value None
2025-04-18 16:16:31,050 - INFO - Clicked element: //*[@id="red"]
2025-04-18 16:16:31,054 - INFO - Executing: set_value on //*[@id="contactus"]/div[5]/div/label/textarea with value description
2025-04-18 16:16:31,257 - INFO - Set value 'description' to element: //*[@id="contactus"]/div[5]/div/label/textarea
2025-04-18 16:16:42,612 - INFO - Browser closed and cleanup completed
2025-04-18 16:18:33,632 - INFO - Successfully created report at: Reports\20250418_161833\report_20250418_161833.xlsx
2025-04-18 16:18:33,633 - INFO - Report created at: Reports\20250418_161833\report_20250418_161833.xlsx
2025-04-18 16:18:33,633 - INFO - Execution folder: Reports\20250418_161833
2025-04-18 16:18:35,179 - INFO - Executing: open_url on None with value https://automationintesting.com/selenium/testpage
2025-04-18 16:18:39,553 - INFO - Opened URL: https://automationintesting.com/selenium/testpage
2025-04-18 16:18:39,555 - INFO - Executing: set_value on //*[@id="firstname"] with value firstname
2025-04-18 16:18:39,973 - INFO - Set value 'firstname' to element: //*[@id="firstname"]
2025-04-18 16:18:39,974 - INFO - Executing: set_value on //*[@id="surname"] with value lastname
2025-04-18 16:18:40,106 - INFO - Set value 'lastname' to element: //*[@id="surname"]
2025-04-18 16:18:40,108 - INFO - Executing: set_value on //*[@id="gender"] with value Male
2025-04-18 16:18:40,220 - INFO - Set value 'Male' to element: //*[@id="gender"]
2025-04-18 16:18:40,223 - INFO - Executing: element_click on //*[@id="red"] with value None
2025-04-18 16:18:40,284 - INFO - Clicked element: //*[@id="red"]
2025-04-18 16:18:40,294 - INFO - Executing: set_value on //*[@id="contactus"]/div[5]/div/label/textarea with value description
2025-04-18 16:18:40,401 - INFO - Set value 'description' to element: //*[@id="contactus"]/div[5]/div/label/textarea
2025-04-18 16:18:43,150 - INFO - Browser closed and cleanup completed
2025-04-18 16:24:27,517 - INFO - Successfully created report at: Reports\20250418_162427\report_20250418_162427.xlsx
2025-04-18 16:24:27,518 - INFO - Report created at: Reports\20250418_162427\report_20250418_162427.xlsx
2025-04-18 16:24:27,519 - INFO - Execution folder: Reports\20250418_162427
2025-04-18 16:24:29,964 - INFO - Executing: open_url on None with value https://automationintesting.com/selenium/testpage
2025-04-18 16:24:34,087 - INFO - Opened URL: https://automationintesting.com/selenium/testpage
2025-04-18 16:24:34,089 - INFO - Executing: set_value on //*[@id="firstname"] with value firstname
2025-04-18 16:24:34,489 - INFO - Set value 'firstname' to element: //*[@id="firstname"]
2025-04-18 16:24:37,326 - INFO - Browser closed and cleanup completed
2025-04-18 16:29:35,788 - INFO - Successfully created report at: Reports\20250418_162935\report_20250418_162935.xlsx
2025-04-18 16:29:35,789 - INFO - Report created at: Reports\20250418_162935\report_20250418_162935.xlsx
2025-04-18 16:29:35,789 - INFO - Execution folder: Reports\20250418_162935
2025-04-18 16:29:37,304 - INFO - Executing: open_url on None with value https://automationintesting.com/selenium/testpage
2025-04-18 16:29:41,389 - INFO - Opened URL: https://automationintesting.com/selenium/testpage
2025-04-18 16:29:41,392 - INFO - Executing: set_value on //*[@id="firstname"] with value firstname
2025-04-18 16:29:41,696 - INFO - Set value 'firstname' to element: //*[@id="firstname"]
2025-04-18 16:29:44,494 - INFO - Browser closed and cleanup completed
2025-04-18 16:30:57,313 - INFO - Successfully created report at: Reports\20250418_163057\report_20250418_163057.xlsx
2025-04-18 16:30:57,314 - INFO - Report created at: Reports\20250418_163057\report_20250418_163057.xlsx
2025-04-18 16:30:57,315 - INFO - Execution folder: Reports\20250418_163057
2025-04-18 16:33:01,824 - INFO - Successfully created report at: Reports\20250418_163301\report_20250418_163301.xlsx
2025-04-18 16:33:01,824 - INFO - Report created at: Reports\20250418_163301\report_20250418_163301.xlsx
2025-04-18 16:33:01,825 - INFO - Execution folder: Reports\20250418_163301
2025-04-18 16:33:04,331 - INFO - Executing: open_url on None with value https://automationintesting.com/selenium/testpage
2025-04-18 16:33:08,857 - INFO - Opened URL: https://automationintesting.com/selenium/testpage
2025-04-18 16:33:08,860 - INFO - Executing: set_value on //*[@id="firstname"] with value firstname
2025-04-18 16:33:09,270 - INFO - Set value 'firstname' to element: //*[@id="firstname"]
2025-04-18 16:33:09,271 - INFO - Executing: set_value on //*[@id="surname"] with value lastname
2025-04-18 16:33:09,401 - INFO - Set value 'lastname' to element: //*[@id="surname"]
2025-04-18 16:33:09,402 - INFO - Executing: set_value on //*[@id="gender"] with value Male
2025-04-18 16:33:09,527 - INFO - Set value 'Male' to element: //*[@id="gender"]
2025-04-18 16:33:09,531 - INFO - Executing: element_click on //*[@id="red"] with value None
2025-04-18 16:33:09,641 - INFO - Clicked element: //*[@id="red"]
2025-04-18 16:33:09,642 - INFO - Executing: set_value on //*[@id="contactus"]/div[5]/div/label/textarea with value description
2025-04-18 16:33:09,816 - INFO - Set value 'description' to element: //*[@id="contactus"]/div[5]/div/label/textarea
2025-04-18 16:33:12,766 - INFO - Browser closed and cleanup completed
2025-04-18 16:34:36,495 - INFO - Successfully created report at: Reports\20250418_163436\report_20250418_163436.xlsx
2025-04-18 16:34:36,496 - INFO - Report created at: Reports\20250418_163436\report_20250418_163436.xlsx
2025-04-18 16:34:36,496 - INFO - Execution folder: Reports\20250418_163436
2025-04-18 16:34:38,061 - INFO - Executing: open_url on None with value https://automationintesting.com/selenium/testpage
2025-04-18 16:34:41,313 - INFO - Opened URL: https://automationintesting.com/selenium/testpage
2025-04-18 16:34:41,314 - INFO - Executing: set_value on //*[@id="firstname"] with value firstname
2025-04-18 16:34:41,528 - INFO - Set value 'firstname' to element: //*[@id="firstname"]
2025-04-18 16:34:41,529 - INFO - Executing: set_value on //*[@id="surname"] with value lastname
2025-04-18 16:34:41,650 - INFO - Set value 'lastname' to element: //*[@id="surname"]
2025-04-18 16:34:41,651 - INFO - Executing: set_value on //*[@id="gender"] with value hale
2025-04-18 16:34:41,745 - ERROR - Failed to set value: Message: Could not locate element with visible text: hale; For documentation on this error, please visit: https://www.selenium.dev/documentation/webdriver/troubleshooting/errors#no-such-element-exception

2025-04-18 16:34:41,828 - INFO - Screenshot saved to: Reports\20250418_163436\Screenshots\step_5_163441.png
2025-04-18 16:34:41,829 - INFO - Screenshot path saved to report: Screenshots\step_5_163441.png
2025-04-18 16:34:41,830 - INFO - Executing: element_click on //*[@id="red"] with value None
2025-04-18 16:34:41,911 - INFO - Clicked element: //*[@id="red"]
2025-04-18 16:34:41,914 - INFO - Executing: set_value on //*[@id="contactus"]/div[5]/div/label/textarea with value description
2025-04-18 16:34:42,020 - INFO - Set value 'description' to element: //*[@id="contactus"]/div[5]/div/label/textarea
2025-04-18 16:34:44,755 - INFO - Browser closed and cleanup completed
2025-04-18 16:42:35,002 - INFO - Successfully created report at: Reports\20250418_164234\report_20250418_164234.xlsx
2025-04-18 16:42:35,003 - INFO - Report created at: Reports\20250418_164234\report_20250418_164234.xlsx
2025-04-18 16:42:35,004 - INFO - Execution folder: Reports\20250418_164234
2025-04-18 16:43:11,932 - INFO - Successfully created report at: Reports\20250418_164311\report_20250418_164311.xlsx
2025-04-18 16:43:11,933 - INFO - Report created at: Reports\20250418_164311\report_20250418_164311.xlsx
2025-04-18 16:43:11,933 - INFO - Execution folder: Reports\20250418_164311
2025-04-18 16:45:31,606 - INFO - Executing: open_url on None with value https://automationintesting.com/selenium/testpage
2025-04-18 16:45:39,669 - INFO - Opened URL: https://automationintesting.com/selenium/testpage
2025-04-18 16:46:20,715 - INFO - Executing: set_value on //*[@id="firstname"] with value firstname
2025-04-18 16:46:25,801 - INFO - Set value 'firstname' to element: //*[@id="firstname"]
2025-04-18 16:47:10,397 - INFO - Browser closed and cleanup completed
2025-04-18 16:50:19,472 - INFO - Successfully created report at: Reports\20250418_165019\report_20250418_165019.xlsx
2025-04-18 16:50:19,473 - INFO - Report created at: Reports\20250418_165019\report_20250418_165019.xlsx
2025-04-18 16:50:19,474 - INFO - Execution folder: Reports\20250418_165019
2025-04-18 16:50:21,971 - INFO - Executing: open_url on None with value https://automationintesting.com/selenium/testpage
2025-04-18 16:50:26,625 - INFO - Opened URL: https://automationintesting.com/selenium/testpage
2025-04-18 16:50:26,627 - INFO - Executing: set_value on //*[@id="firstname"] with value firstname
2025-04-18 16:50:27,062 - INFO - Set value 'firstname' to element: //*[@id="firstname"]
2025-04-18 16:50:29,826 - INFO - Browser closed and cleanup completed
2025-04-18 18:28:50,502 - INFO - Successfully created report at: Reports\20250418_182850\report_20250418_182850.xlsx
2025-04-18 18:28:50,503 - INFO - Report created at: Reports\20250418_182850\report_20250418_182850.xlsx
2025-04-18 18:28:50,503 - INFO - Execution folder: Reports\20250418_182850
2025-04-18 18:31:01,948 - INFO - Executing: open_url on None with value https://automationintesting.com/selenium/testpage
2025-04-18 18:31:05,571 - INFO - Opened URL: https://automationintesting.com/selenium/testpage
2025-04-18 18:31:05,573 - INFO - Executing: set_value on //*[@id="firstname"] with value firstname
2025-04-18 18:31:05,964 - INFO - Set value 'firstname' to element: //*[@id="firstname"]
2025-04-18 18:31:08,714 - INFO - Browser closed and cleanup completed
2025-04-18 19:53:40,445 - INFO - Successfully created report at: Reports\20250418_195340\report_20250418_195340.xlsx
2025-04-18 19:53:40,446 - INFO - Report created at: Reports\20250418_195340\report_20250418_195340.xlsx
2025-04-18 19:53:40,446 - INFO - Execution folder: Reports\20250418_195340
2025-04-18 19:57:17,705 - INFO - Executing: open_url on None with value https://automationintesting.com/selenium/testpage
2025-04-18 19:57:21,891 - INFO - Opened URL: https://automationintesting.com/selenium/testpage
2025-04-18 19:57:21,893 - INFO - Executing: set_value on //*[@id="firstname"] with value firstname
2025-04-18 19:57:22,377 - INFO - Set value 'firstname' to element: //*[@id="firstname"]
2025-04-18 19:57:22,378 - INFO - Executing: set_value on //*[@id="surname"] with value lastname
2025-04-18 19:57:22,520 - INFO - Set value 'lastname' to element: //*[@id="surname"]
2025-04-18 19:57:22,522 - INFO - Executing: set_value on //*[@id="gender"] with value hale
2025-04-18 19:57:22,584 - ERROR - Failed to set value: Message: Could not locate element with visible text: hale; For documentation on this error, please visit: https://www.selenium.dev/documentation/webdriver/troubleshooting/errors#no-such-element-exception

2025-04-18 19:57:22,698 - INFO - Screenshot saved to: Reports\20250418_195340\Screenshots\step_5_195722.png
2025-04-18 19:57:22,699 - INFO - Screenshot path saved to report: Screenshots\step_5_195722.png
2025-04-18 19:57:22,700 - INFO - Executing: element_click on //*[@id="red"] with value None
2025-04-18 19:57:22,841 - INFO - Clicked element: //*[@id="red"]
2025-04-18 19:57:22,843 - INFO - Executing: set_value on //*[@id="contactus"]/div[5]/div/label/textarea with value description
2025-04-18 19:57:23,010 - INFO - Set value 'description' to element: //*[@id="contactus"]/div[5]/div/label/textarea
2025-04-18 19:57:23,012 - INFO - Executing: custom-reload_current_window on None with value None
2025-04-18 19:57:26,441 - INFO - Browser closed and cleanup completed
2025-04-18 20:19:32,543 - INFO - Successfully created report at: Reports\20250418_201932\report_20250418_201932.xlsx
2025-04-18 20:19:32,544 - INFO - Report created at: Reports\20250418_201932\report_20250418_201932.xlsx
2025-04-18 20:19:32,545 - INFO - Execution folder: Reports\20250418_201932
2025-04-18 20:19:34,955 - INFO - Executing: open_url on None with value https://automationintesting.com/selenium/testpage
2025-04-18 20:19:39,278 - INFO - Opened URL: https://automationintesting.com/selenium/testpage
2025-04-18 20:19:39,280 - INFO - Executing: set_value on //*[@id="firstname"] with value firstname
2025-04-18 20:19:39,855 - INFO - Set value 'firstname' to element: //*[@id="firstname"]
2025-04-18 20:19:39,857 - INFO - Executing: set_value on //*[@id="surname"] with value lastname
2025-04-18 20:19:40,123 - INFO - Set value 'lastname' to element: //*[@id="surname"]
2025-04-18 20:19:40,125 - INFO - Executing: set_value on //*[@id="gender"] with value hale
2025-04-18 20:19:40,287 - ERROR - Failed to set value: Message: Could not locate element with visible text: hale; For documentation on this error, please visit: https://www.selenium.dev/documentation/webdriver/troubleshooting/errors#no-such-element-exception

2025-04-18 20:19:40,584 - INFO - Screenshot saved to: Reports\20250418_201932\Screenshots\step_5_201940.png
2025-04-18 20:19:40,585 - INFO - Screenshot path saved to report: Screenshots\step_5_201940.png
2025-04-18 20:19:40,586 - INFO - Executing: element_click on //*[@id="red"] with value None
2025-04-18 20:19:40,809 - INFO - Clicked element: //*[@id="red"]
2025-04-18 20:19:40,810 - INFO - Executing: set_value on //*[@id="contactus"]/div[5]/div/label/textarea with value description
2025-04-18 20:19:41,062 - INFO - Set value 'description' to element: //*[@id="contactus"]/div[5]/div/label/textarea
2025-04-18 20:19:41,064 - INFO - Executing: custom-reload_current_window on None with value None
2025-04-18 20:19:44,480 - INFO - Browser closed and cleanup completed
